{"C:\\dev\\xcelirate\\js\\cart.js": {"path":"C:\\dev\\xcelirate\\js\\cart.js","statementMap":{"0":{"start":{"line":1,"column":27},"end":{"line":1,"column":53}},"1":{"start":{"line":2,"column":20},"end":{"line":2,"column":38}},"2":{"start":{"line":6,"column":14},"end":{"line":6,"column":15}},"3":{"start":{"line":7,"column":2},"end":{"line":9,"column":3}},"4":{"start":{"line":7,"column":15},"end":{"line":7,"column":16}},"5":{"start":{"line":8,"column":4},"end":{"line":8,"column":57}},"6":{"start":{"line":10,"column":2},"end":{"line":10,"column":15}},"7":{"start":{"line":13,"column":24},"end":{"line":26,"column":1}},"8":{"start":{"line":14,"column":18},"end":{"line":14,"column":50}},"9":{"start":{"line":15,"column":2},"end":{"line":15,"column":35}},"10":{"start":{"line":17,"column":2},"end":{"line":19,"column":3}},"11":{"start":{"line":18,"column":4},"end":{"line":18,"column":37}},"12":{"start":{"line":21,"column":2},"end":{"line":23,"column":3}},"13":{"start":{"line":22,"column":4},"end":{"line":22,"column":46}},"14":{"start":{"line":25,"column":2},"end":{"line":25,"column":17}},"15":{"start":{"line":29,"column":15},"end":{"line":29,"column":55}},"16":{"start":{"line":30,"column":21},"end":{"line":30,"column":38}},"17":{"start":{"line":31,"column":22},"end":{"line":31,"column":57}},"18":{"start":{"line":32,"column":30},"end":{"line":32,"column":72}},"19":{"start":{"line":33,"column":2},"end":{"line":33,"column":110}},"20":{"start":{"line":34,"column":19},"end":{"line":34,"column":56}},"21":{"start":{"line":35,"column":2},"end":{"line":35,"column":94}},"22":{"start":{"line":36,"column":24},"end":{"line":36,"column":64}},"23":{"start":{"line":38,"column":2},"end":{"line":38,"column":31}},"24":{"start":{"line":39,"column":2},"end":{"line":50,"column":3}},"25":{"start":{"line":40,"column":4},"end":{"line":49,"column":7}},"26":{"start":{"line":41,"column":26},"end":{"line":41,"column":78}},"27":{"start":{"line":42,"column":6},"end":{"line":48,"column":7}},"28":{"start":{"line":43,"column":22},"end":{"line":43,"column":97}},"29":{"start":{"line":43,"column":70},"end":{"line":43,"column":96}},"30":{"start":{"line":44,"column":27},"end":{"line":44,"column":124}},"31":{"start":{"line":45,"column":25},"end":{"line":45,"column":77}},"32":{"start":{"line":46,"column":8},"end":{"line":46,"column":40}},"33":{"start":{"line":47,"column":8},"end":{"line":47,"column":39}},"34":{"start":{"line":53,"column":24},"end":{"line":61,"column":1}},"35":{"start":{"line":54,"column":16},"end":{"line":54,"column":54}},"36":{"start":{"line":55,"column":17},"end":{"line":55,"column":41}},"37":{"start":{"line":56,"column":2},"end":{"line":56,"column":23}},"38":{"start":{"line":57,"column":21},"end":{"line":57,"column":65}},"39":{"start":{"line":58,"column":2},"end":{"line":58,"column":47}},"40":{"start":{"line":59,"column":2},"end":{"line":59,"column":56}},"41":{"start":{"line":60,"column":2},"end":{"line":60,"column":27}},"42":{"start":{"line":63,"column":18},"end":{"line":71,"column":1}},"43":{"start":{"line":64,"column":16},"end":{"line":64,"column":54}},"44":{"start":{"line":65,"column":17},"end":{"line":65,"column":25}},"45":{"start":{"line":66,"column":2},"end":{"line":66,"column":23}},"46":{"start":{"line":67,"column":21},"end":{"line":67,"column":65}},"47":{"start":{"line":68,"column":2},"end":{"line":68,"column":47}},"48":{"start":{"line":69,"column":2},"end":{"line":69,"column":51}},"49":{"start":{"line":70,"column":2},"end":{"line":70,"column":27}},"50":{"start":{"line":77,"column":2},"end":{"line":110,"column":5}},"51":{"start":{"line":78,"column":21},"end":{"line":78,"column":92}},"52":{"start":{"line":79,"column":19},"end":{"line":79,"column":90}},"53":{"start":{"line":80,"column":22},"end":{"line":80,"column":116}},"54":{"start":{"line":81,"column":26},"end":{"line":81,"column":95}},"55":{"start":{"line":82,"column":20},"end":{"line":82,"column":93}},"56":{"start":{"line":83,"column":20},"end":{"line":83,"column":80}},"57":{"start":{"line":84,"column":23},"end":{"line":84,"column":110}},"58":{"start":{"line":86,"column":21},"end":{"line":86,"column":105}},"59":{"start":{"line":87,"column":4},"end":{"line":87,"column":23}},"60":{"start":{"line":88,"column":4},"end":{"line":88,"column":44}},"61":{"start":{"line":89,"column":23},"end":{"line":89,"column":113}},"62":{"start":{"line":91,"column":25},"end":{"line":91,"column":94}},"63":{"start":{"line":92,"column":25},"end":{"line":92,"column":145}},"64":{"start":{"line":94,"column":4},"end":{"line":94,"column":36}},"65":{"start":{"line":96,"column":4},"end":{"line":96,"column":90}},"66":{"start":{"line":96,"column":31},"end":{"line":96,"column":89}},"67":{"start":{"line":97,"column":4},"end":{"line":97,"column":84}},"68":{"start":{"line":97,"column":31},"end":{"line":97,"column":83}},"69":{"start":{"line":98,"column":4},"end":{"line":98,"column":34}},"70":{"start":{"line":99,"column":4},"end":{"line":99,"column":36}},"71":{"start":{"line":100,"column":4},"end":{"line":100,"column":39}},"72":{"start":{"line":101,"column":4},"end":{"line":101,"column":34}},"73":{"start":{"line":102,"column":4},"end":{"line":102,"column":32}},"74":{"start":{"line":103,"column":4},"end":{"line":103,"column":33}},"75":{"start":{"line":104,"column":4},"end":{"line":104,"column":34}},"76":{"start":{"line":105,"column":4},"end":{"line":105,"column":39}},"77":{"start":{"line":106,"column":4},"end":{"line":106,"column":39}},"78":{"start":{"line":107,"column":26},"end":{"line":107,"column":64}},"79":{"start":{"line":108,"column":4},"end":{"line":108,"column":40}},"80":{"start":{"line":109,"column":4},"end":{"line":109,"column":29}},"81":{"start":{"line":113,"column":0},"end":{"line":113,"column":46}},"82":{"start":{"line":114,"column":0},"end":{"line":114,"column":42}}},"fnMap":{"0":{"name":"countTotalItems","decl":{"start":{"line":5,"column":9},"end":{"line":5,"column":24}},"loc":{"start":{"line":5,"column":27},"end":{"line":11,"column":1}},"line":5},"1":{"name":"(anonymous_1)","decl":{"start":{"line":13,"column":24},"end":{"line":13,"column":25}},"loc":{"start":{"line":13,"column":83},"end":{"line":26,"column":1}},"line":13},"2":{"name":"updateShoppingCartView","decl":{"start":{"line":28,"column":9},"end":{"line":28,"column":31}},"loc":{"start":{"line":28,"column":34},"end":{"line":51,"column":1}},"line":28},"3":{"name":"(anonymous_3)","decl":{"start":{"line":40,"column":44},"end":{"line":40,"column":45}},"loc":{"start":{"line":40,"column":54},"end":{"line":49,"column":5}},"line":40},"4":{"name":"(anonymous_4)","decl":{"start":{"line":43,"column":56},"end":{"line":43,"column":57}},"loc":{"start":{"line":43,"column":70},"end":{"line":43,"column":96}},"line":43},"5":{"name":"(anonymous_5)","decl":{"start":{"line":53,"column":24},"end":{"line":53,"column":25}},"loc":{"start":{"line":53,"column":44},"end":{"line":61,"column":1}},"line":53},"6":{"name":"(anonymous_6)","decl":{"start":{"line":63,"column":18},"end":{"line":63,"column":19}},"loc":{"start":{"line":63,"column":38},"end":{"line":71,"column":1}},"line":63},"7":{"name":"drawProductsTable","decl":{"start":{"line":76,"column":9},"end":{"line":76,"column":26}},"loc":{"start":{"line":76,"column":42},"end":{"line":111,"column":1}},"line":76},"8":{"name":"(anonymous_8)","decl":{"start":{"line":77,"column":37},"end":{"line":77,"column":38}},"loc":{"start":{"line":77,"column":50},"end":{"line":110,"column":3}},"line":77},"9":{"name":"(anonymous_9)","decl":{"start":{"line":96,"column":25},"end":{"line":96,"column":26}},"loc":{"start":{"line":96,"column":31},"end":{"line":96,"column":89}},"line":96},"10":{"name":"(anonymous_10)","decl":{"start":{"line":97,"column":25},"end":{"line":97,"column":26}},"loc":{"start":{"line":97,"column":31},"end":{"line":97,"column":83}},"line":97}},"branchMap":{"0":{"loc":{"start":{"line":17,"column":2},"end":{"line":19,"column":3}},"type":"if","locations":[{"start":{"line":17,"column":2},"end":{"line":19,"column":3}},{"start":{"line":17,"column":2},"end":{"line":19,"column":3}}],"line":17},"1":{"loc":{"start":{"line":21,"column":2},"end":{"line":23,"column":3}},"type":"if","locations":[{"start":{"line":21,"column":2},"end":{"line":23,"column":3}},{"start":{"line":21,"column":2},"end":{"line":23,"column":3}}],"line":21},"2":{"loc":{"start":{"line":39,"column":2},"end":{"line":50,"column":3}},"type":"if","locations":[{"start":{"line":39,"column":2},"end":{"line":50,"column":3}},{"start":{"line":39,"column":2},"end":{"line":50,"column":3}}],"line":39},"3":{"loc":{"start":{"line":42,"column":6},"end":{"line":48,"column":7}},"type":"if","locations":[{"start":{"line":42,"column":6},"end":{"line":48,"column":7}},{"start":{"line":42,"column":6},"end":{"line":48,"column":7}}],"line":42},"4":{"loc":{"start":{"line":55,"column":17},"end":{"line":55,"column":41}},"type":"cond-expr","locations":[{"start":{"line":55,"column":28},"end":{"line":55,"column":35}},{"start":{"line":55,"column":38},"end":{"line":55,"column":41}}],"line":55}},"s":{"0":1,"1":1,"2":0,"3":0,"4":0,"5":0,"6":0,"7":1,"8":1,"9":1,"10":1,"11":1,"12":1,"13":0,"14":1,"15":0,"16":0,"17":0,"18":0,"19":0,"20":0,"21":0,"22":0,"23":0,"24":0,"25":0,"26":0,"27":0,"28":0,"29":0,"30":0,"31":0,"32":0,"33":0,"34":1,"35":0,"36":0,"37":0,"38":0,"39":0,"40":0,"41":0,"42":1,"43":0,"44":0,"45":0,"46":0,"47":0,"48":0,"49":0,"50":0,"51":0,"52":0,"53":0,"54":0,"55":0,"56":0,"57":0,"58":0,"59":0,"60":0,"61":0,"62":0,"63":0,"64":0,"65":0,"66":0,"67":0,"68":0,"69":0,"70":0,"71":0,"72":0,"73":0,"74":0,"75":0,"76":0,"77":0,"78":0,"79":0,"80":0,"81":1,"82":1},"f":{"0":0,"1":1,"2":0,"3":0,"4":0,"5":0,"6":0,"7":0,"8":0,"9":0,"10":0},"b":{"0":[1,0],"1":[0,1],"2":[0,0],"3":[0,0],"4":[0,0]},"_coverageSchema":"1a1c01bbd47fc00a2c39e90264f33305004495a9","hash":"5a58f1700e256b085d2508c9680510efc1032c69"}
,"C:\\dev\\xcelirate\\js\\products.js": {"path":"C:\\dev\\xcelirate\\js\\products.js","statementMap":{"0":{"start":{"line":1,"column":17},"end":{"line":11,"column":1}},"1":{"start":{"line":13,"column":13},"end":{"line":16,"column":1}},"2":{"start":{"line":18,"column":19},"end":{"line":31,"column":1}},"3":{"start":{"line":33,"column":0},"end":{"line":33,"column":28}},"4":{"start":{"line":34,"column":0},"end":{"line":34,"column":20}},"5":{"start":{"line":35,"column":0},"end":{"line":35,"column":32}}},"fnMap":{},"branchMap":{},"s":{"0":1,"1":1,"2":1,"3":1,"4":1,"5":1},"f":{},"b":{},"_coverageSchema":"1a1c01bbd47fc00a2c39e90264f33305004495a9","hash":"0a2c8122b5de464f9db96523aa1909acf033e522"}
,"C:\\dev\\xcelirate\\js\\shopping-cart.js": {"path":"C:\\dev\\xcelirate\\js\\shopping-cart.js","statementMap":{"0":{"start":{"line":1,"column":20},"end":{"line":1,"column":38}},"1":{"start":{"line":2,"column":23},"end":{"line":2,"column":44}},"2":{"start":{"line":5,"column":16},"end":{"line":5,"column":94}},"3":{"start":{"line":5,"column":62},"end":{"line":5,"column":93}},"4":{"start":{"line":6,"column":14},"end":{"line":6,"column":15}},"5":{"start":{"line":7,"column":2},"end":{"line":26,"column":3}},"6":{"start":{"line":9,"column":6},"end":{"line":15,"column":7}},"7":{"start":{"line":10,"column":8},"end":{"line":10,"column":52}},"8":{"start":{"line":12,"column":8},"end":{"line":14,"column":46}},"9":{"start":{"line":16,"column":6},"end":{"line":16,"column":12}},"10":{"start":{"line":18,"column":6},"end":{"line":22,"column":7}},"11":{"start":{"line":19,"column":8},"end":{"line":19,"column":50}},"12":{"start":{"line":21,"column":8},"end":{"line":21,"column":36}},"13":{"start":{"line":23,"column":6},"end":{"line":23,"column":12}},"14":{"start":{"line":25,"column":6},"end":{"line":25,"column":34}},"15":{"start":{"line":27,"column":2},"end":{"line":27,"column":15}},"16":{"start":{"line":31,"column":23},"end":{"line":33,"column":3}},"17":{"start":{"line":32,"column":14},"end":{"line":32,"column":43}},"18":{"start":{"line":34,"column":29},"end":{"line":34,"column":99}},"19":{"start":{"line":34,"column":74},"end":{"line":34,"column":98}},"20":{"start":{"line":36,"column":2},"end":{"line":46,"column":3}},"21":{"start":{"line":37,"column":17},"end":{"line":41,"column":5}},"22":{"start":{"line":42,"column":32},"end":{"line":42,"column":55}},"23":{"start":{"line":43,"column":4},"end":{"line":43,"column":63}},"24":{"start":{"line":45,"column":4},"end":{"line":45,"column":56}},"25":{"start":{"line":50,"column":30},"end":{"line":52,"column":3}},"26":{"start":{"line":51,"column":21},"end":{"line":51,"column":45}},"27":{"start":{"line":53,"column":23},"end":{"line":53,"column":93}},"28":{"start":{"line":53,"column":68},"end":{"line":53,"column":92}},"29":{"start":{"line":55,"column":2},"end":{"line":71,"column":3}},"30":{"start":{"line":56,"column":4},"end":{"line":59,"column":6}},"31":{"start":{"line":61,"column":26},"end":{"line":63,"column":5}},"32":{"start":{"line":62,"column":16},"end":{"line":62,"column":45}},"33":{"start":{"line":64,"column":17},"end":{"line":68,"column":5}},"34":{"start":{"line":69,"column":4},"end":{"line":69,"column":49}},"35":{"start":{"line":70,"column":4},"end":{"line":70,"column":59}},"36":{"start":{"line":75,"column":18},"end":{"line":75,"column":19}},"37":{"start":{"line":76,"column":2},"end":{"line":78,"column":3}},"38":{"start":{"line":76,"column":15},"end":{"line":76,"column":16}},"39":{"start":{"line":77,"column":4},"end":{"line":77,"column":63}},"40":{"start":{"line":79,"column":2},"end":{"line":79,"column":19}},"41":{"start":{"line":83,"column":18},"end":{"line":83,"column":19}},"42":{"start":{"line":84,"column":2},"end":{"line":87,"column":3}},"43":{"start":{"line":84,"column":15},"end":{"line":84,"column":16}},"44":{"start":{"line":85,"column":4},"end":{"line":86,"column":52}},"45":{"start":{"line":88,"column":2},"end":{"line":88,"column":19}},"46":{"start":{"line":91,"column":0},"end":{"line":91,"column":48}},"47":{"start":{"line":92,"column":0},"end":{"line":92,"column":56}},"48":{"start":{"line":93,"column":0},"end":{"line":93,"column":46}},"49":{"start":{"line":94,"column":0},"end":{"line":94,"column":40}},"50":{"start":{"line":95,"column":0},"end":{"line":95,"column":54}}},"fnMap":{"0":{"name":"getPriceOrDiscount","decl":{"start":{"line":4,"column":9},"end":{"line":4,"column":27}},"loc":{"start":{"line":4,"column":46},"end":{"line":28,"column":1}},"line":4},"1":{"name":"(anonymous_1)","decl":{"start":{"line":5,"column":47},"end":{"line":5,"column":48}},"loc":{"start":{"line":5,"column":62},"end":{"line":5,"column":93}},"line":5},"2":{"name":"removeFromShoppingCart","decl":{"start":{"line":30,"column":9},"end":{"line":30,"column":31}},"loc":{"start":{"line":30,"column":48},"end":{"line":47,"column":1}},"line":30},"3":{"name":"(anonymous_3)","decl":{"start":{"line":32,"column":4},"end":{"line":32,"column":5}},"loc":{"start":{"line":32,"column":14},"end":{"line":32,"column":43}},"line":32},"4":{"name":"(anonymous_4)","decl":{"start":{"line":34,"column":61},"end":{"line":34,"column":62}},"loc":{"start":{"line":34,"column":74},"end":{"line":34,"column":98}},"line":34},"5":{"name":"addToShoppingCart","decl":{"start":{"line":49,"column":9},"end":{"line":49,"column":26}},"loc":{"start":{"line":49,"column":43},"end":{"line":72,"column":1}},"line":49},"6":{"name":"(anonymous_6)","decl":{"start":{"line":51,"column":4},"end":{"line":51,"column":5}},"loc":{"start":{"line":51,"column":21},"end":{"line":51,"column":45}},"line":51},"7":{"name":"(anonymous_7)","decl":{"start":{"line":53,"column":55},"end":{"line":53,"column":56}},"loc":{"start":{"line":53,"column":68},"end":{"line":53,"column":92}},"line":53},"8":{"name":"(anonymous_8)","decl":{"start":{"line":62,"column":6},"end":{"line":62,"column":7}},"loc":{"start":{"line":62,"column":16},"end":{"line":62,"column":45}},"line":62},"9":{"name":"getOverallCost","decl":{"start":{"line":74,"column":9},"end":{"line":74,"column":23}},"loc":{"start":{"line":74,"column":26},"end":{"line":80,"column":1}},"line":74},"10":{"name":"getCostWithNoDiscount","decl":{"start":{"line":82,"column":9},"end":{"line":82,"column":30}},"loc":{"start":{"line":82,"column":33},"end":{"line":89,"column":1}},"line":82}},"branchMap":{"0":{"loc":{"start":{"line":4,"column":37},"end":{"line":4,"column":44}},"type":"default-arg","locations":[{"start":{"line":4,"column":43},"end":{"line":4,"column":44}}],"line":4},"1":{"loc":{"start":{"line":7,"column":2},"end":{"line":26,"column":3}},"type":"switch","locations":[{"start":{"line":8,"column":4},"end":{"line":16,"column":12}},{"start":{"line":17,"column":4},"end":{"line":23,"column":12}},{"start":{"line":24,"column":4},"end":{"line":25,"column":34}}],"line":7},"2":{"loc":{"start":{"line":9,"column":6},"end":{"line":15,"column":7}},"type":"if","locations":[{"start":{"line":9,"column":6},"end":{"line":15,"column":7}},{"start":{"line":9,"column":6},"end":{"line":15,"column":7}}],"line":9},"3":{"loc":{"start":{"line":12,"column":16},"end":{"line":14,"column":45}},"type":"cond-expr","locations":[{"start":{"line":13,"column":13},"end":{"line":13,"column":32}},{"start":{"line":14,"column":13},"end":{"line":14,"column":44}}],"line":12},"4":{"loc":{"start":{"line":18,"column":6},"end":{"line":22,"column":7}},"type":"if","locations":[{"start":{"line":18,"column":6},"end":{"line":22,"column":7}},{"start":{"line":18,"column":6},"end":{"line":22,"column":7}}],"line":18},"5":{"loc":{"start":{"line":36,"column":2},"end":{"line":46,"column":3}},"type":"if","locations":[{"start":{"line":36,"column":2},"end":{"line":46,"column":3}},{"start":{"line":36,"column":2},"end":{"line":46,"column":3}}],"line":36},"6":{"loc":{"start":{"line":55,"column":2},"end":{"line":71,"column":3}},"type":"if","locations":[{"start":{"line":55,"column":2},"end":{"line":71,"column":3}},{"start":{"line":55,"column":2},"end":{"line":71,"column":3}}],"line":55}},"s":{"0":1,"1":1,"2":0,"3":0,"4":0,"5":0,"6":0,"7":0,"8":0,"9":0,"10":0,"11":0,"12":0,"13":0,"14":0,"15":0,"16":0,"17":0,"18":0,"19":0,"20":0,"21":0,"22":0,"23":0,"24":0,"25":0,"26":0,"27":0,"28":0,"29":0,"30":0,"31":0,"32":0,"33":0,"34":0,"35":0,"36":0,"37":0,"38":0,"39":0,"40":0,"41":0,"42":0,"43":0,"44":0,"45":0,"46":1,"47":1,"48":1,"49":1,"50":1},"f":{"0":0,"1":0,"2":0,"3":0,"4":0,"5":0,"6":0,"7":0,"8":0,"9":0,"10":0},"b":{"0":[0],"1":[0,0,0],"2":[0,0],"3":[0,0],"4":[0,0],"5":[0,0],"6":[0,0]},"_coverageSchema":"1a1c01bbd47fc00a2c39e90264f33305004495a9","hash":"94068daa4d7cebd8c3403b1aebf0131a6e086431"}
,"C:\\dev\\xcelirate\\js\\store.js": {"path":"C:\\dev\\xcelirate\\js\\store.js","statementMap":{"0":{"start":{"line":1,"column":25},"end":{"line":1,"column":46}},"1":{"start":{"line":4,"column":2},"end":{"line":4,"column":35}},"2":{"start":{"line":7,"column":2},"end":{"line":7,"column":37}},"3":{"start":{"line":10,"column":2},"end":{"line":10,"column":31}},"4":{"start":{"line":13,"column":14},"end":{"line":19,"column":1}},"5":{"start":{"line":21,"column":0},"end":{"line":21,"column":22}}},"fnMap":{"0":{"name":"getProducts","decl":{"start":{"line":3,"column":9},"end":{"line":3,"column":20}},"loc":{"start":{"line":3,"column":23},"end":{"line":5,"column":1}},"line":3},"1":{"name":"getPromotions","decl":{"start":{"line":6,"column":9},"end":{"line":6,"column":22}},"loc":{"start":{"line":6,"column":25},"end":{"line":8,"column":1}},"line":6},"2":{"name":"getCart","decl":{"start":{"line":9,"column":9},"end":{"line":9,"column":16}},"loc":{"start":{"line":9,"column":19},"end":{"line":11,"column":1}},"line":9}},"branchMap":{},"s":{"0":1,"1":1,"2":1,"3":1,"4":1,"5":1},"f":{"0":1,"1":1,"2":1},"b":{},"_coverageSchema":"1a1c01bbd47fc00a2c39e90264f33305004495a9","hash":"faf1c8218ba4d5cb05e0593287c07a71c7ed0c3f"}
}
