{"C:\\dev\\xcelirate\\js\\cart.js": {"path":"C:\\dev\\xcelirate\\js\\cart.js","statementMap":{"0":{"start":{"line":1,"column":27},"end":{"line":1,"column":53}},"1":{"start":{"line":2,"column":20},"end":{"line":2,"column":38}},"2":{"start":{"line":6,"column":14},"end":{"line":6,"column":15}},"3":{"start":{"line":7,"column":2},"end":{"line":9,"column":3}},"4":{"start":{"line":7,"column":15},"end":{"line":7,"column":16}},"5":{"start":{"line":8,"column":4},"end":{"line":8,"column":57}},"6":{"start":{"line":10,"column":2},"end":{"line":10,"column":15}},"7":{"start":{"line":13,"column":24},"end":{"line":26,"column":1}},"8":{"start":{"line":14,"column":18},"end":{"line":14,"column":50}},"9":{"start":{"line":15,"column":2},"end":{"line":15,"column":35}},"10":{"start":{"line":17,"column":2},"end":{"line":19,"column":3}},"11":{"start":{"line":18,"column":4},"end":{"line":18,"column":37}},"12":{"start":{"line":21,"column":2},"end":{"line":23,"column":3}},"13":{"start":{"line":22,"column":4},"end":{"line":22,"column":46}},"14":{"start":{"line":25,"column":2},"end":{"line":25,"column":17}},"15":{"start":{"line":29,"column":13},"end":{"line":29,"column":53}},"16":{"start":{"line":30,"column":2},"end":{"line":32,"column":3}},"17":{"start":{"line":31,"column":4},"end":{"line":31,"column":82}},"18":{"start":{"line":33,"column":21},"end":{"line":33,"column":38}},"19":{"start":{"line":34,"column":22},"end":{"line":34,"column":57}},"20":{"start":{"line":35,"column":30},"end":{"line":35,"column":72}},"21":{"start":{"line":36,"column":2},"end":{"line":36,"column":110}},"22":{"start":{"line":37,"column":19},"end":{"line":37,"column":56}},"23":{"start":{"line":38,"column":2},"end":{"line":55,"column":3}},"24":{"start":{"line":39,"column":4},"end":{"line":39,"column":96}},"25":{"start":{"line":40,"column":26},"end":{"line":40,"column":66}},"26":{"start":{"line":42,"column":4},"end":{"line":42,"column":33}},"27":{"start":{"line":43,"column":4},"end":{"line":54,"column":5}},"28":{"start":{"line":44,"column":6},"end":{"line":53,"column":9}},"29":{"start":{"line":45,"column":28},"end":{"line":45,"column":80}},"30":{"start":{"line":46,"column":8},"end":{"line":52,"column":9}},"31":{"start":{"line":47,"column":24},"end":{"line":47,"column":99}},"32":{"start":{"line":47,"column":72},"end":{"line":47,"column":98}},"33":{"start":{"line":48,"column":29},"end":{"line":48,"column":126}},"34":{"start":{"line":49,"column":27},"end":{"line":49,"column":79}},"35":{"start":{"line":50,"column":10},"end":{"line":50,"column":42}},"36":{"start":{"line":51,"column":10},"end":{"line":51,"column":41}},"37":{"start":{"line":58,"column":24},"end":{"line":66,"column":1}},"38":{"start":{"line":59,"column":16},"end":{"line":59,"column":54}},"39":{"start":{"line":60,"column":17},"end":{"line":60,"column":41}},"40":{"start":{"line":61,"column":2},"end":{"line":61,"column":23}},"41":{"start":{"line":62,"column":21},"end":{"line":62,"column":65}},"42":{"start":{"line":63,"column":2},"end":{"line":63,"column":47}},"43":{"start":{"line":64,"column":2},"end":{"line":64,"column":56}},"44":{"start":{"line":65,"column":2},"end":{"line":65,"column":27}},"45":{"start":{"line":68,"column":18},"end":{"line":76,"column":1}},"46":{"start":{"line":69,"column":16},"end":{"line":69,"column":54}},"47":{"start":{"line":70,"column":17},"end":{"line":70,"column":25}},"48":{"start":{"line":71,"column":2},"end":{"line":71,"column":23}},"49":{"start":{"line":72,"column":21},"end":{"line":72,"column":65}},"50":{"start":{"line":73,"column":2},"end":{"line":73,"column":47}},"51":{"start":{"line":74,"column":2},"end":{"line":74,"column":51}},"52":{"start":{"line":75,"column":2},"end":{"line":75,"column":27}},"53":{"start":{"line":82,"column":2},"end":{"line":118,"column":5}},"54":{"start":{"line":83,"column":21},"end":{"line":83,"column":92}},"55":{"start":{"line":84,"column":19},"end":{"line":84,"column":90}},"56":{"start":{"line":85,"column":22},"end":{"line":85,"column":116}},"57":{"start":{"line":86,"column":26},"end":{"line":86,"column":95}},"58":{"start":{"line":87,"column":20},"end":{"line":87,"column":93}},"59":{"start":{"line":89,"column":20},"end":{"line":89,"column":80}},"60":{"start":{"line":90,"column":23},"end":{"line":90,"column":110}},"61":{"start":{"line":92,"column":21},"end":{"line":92,"column":105}},"62":{"start":{"line":93,"column":4},"end":{"line":93,"column":23}},"63":{"start":{"line":94,"column":4},"end":{"line":94,"column":44}},"64":{"start":{"line":95,"column":23},"end":{"line":95,"column":113}},"65":{"start":{"line":97,"column":25},"end":{"line":97,"column":94}},"66":{"start":{"line":98,"column":25},"end":{"line":98,"column":145}},"67":{"start":{"line":100,"column":4},"end":{"line":100,"column":36}},"68":{"start":{"line":102,"column":4},"end":{"line":102,"column":90}},"69":{"start":{"line":102,"column":31},"end":{"line":102,"column":89}},"70":{"start":{"line":103,"column":4},"end":{"line":103,"column":84}},"71":{"start":{"line":103,"column":31},"end":{"line":103,"column":83}},"72":{"start":{"line":104,"column":4},"end":{"line":104,"column":34}},"73":{"start":{"line":105,"column":4},"end":{"line":105,"column":36}},"74":{"start":{"line":106,"column":4},"end":{"line":106,"column":39}},"75":{"start":{"line":107,"column":4},"end":{"line":107,"column":34}},"76":{"start":{"line":108,"column":4},"end":{"line":108,"column":32}},"77":{"start":{"line":109,"column":4},"end":{"line":109,"column":33}},"78":{"start":{"line":110,"column":4},"end":{"line":110,"column":34}},"79":{"start":{"line":111,"column":4},"end":{"line":111,"column":39}},"80":{"start":{"line":112,"column":4},"end":{"line":112,"column":39}},"81":{"start":{"line":113,"column":26},"end":{"line":113,"column":80}},"82":{"start":{"line":114,"column":4},"end":{"line":116,"column":5}},"83":{"start":{"line":115,"column":6},"end":{"line":115,"column":42}},"84":{"start":{"line":117,"column":4},"end":{"line":117,"column":29}},"85":{"start":{"line":121,"column":0},"end":{"line":121,"column":46}},"86":{"start":{"line":122,"column":0},"end":{"line":122,"column":42}}},"fnMap":{"0":{"name":"countTotalItems","decl":{"start":{"line":5,"column":9},"end":{"line":5,"column":24}},"loc":{"start":{"line":5,"column":27},"end":{"line":11,"column":1}},"line":5},"1":{"name":"(anonymous_1)","decl":{"start":{"line":13,"column":24},"end":{"line":13,"column":25}},"loc":{"start":{"line":13,"column":83},"end":{"line":26,"column":1}},"line":13},"2":{"name":"updateShoppingCartView","decl":{"start":{"line":28,"column":9},"end":{"line":28,"column":31}},"loc":{"start":{"line":28,"column":34},"end":{"line":56,"column":1}},"line":28},"3":{"name":"(anonymous_3)","decl":{"start":{"line":44,"column":46},"end":{"line":44,"column":47}},"loc":{"start":{"line":44,"column":56},"end":{"line":53,"column":7}},"line":44},"4":{"name":"(anonymous_4)","decl":{"start":{"line":47,"column":58},"end":{"line":47,"column":59}},"loc":{"start":{"line":47,"column":72},"end":{"line":47,"column":98}},"line":47},"5":{"name":"(anonymous_5)","decl":{"start":{"line":58,"column":24},"end":{"line":58,"column":25}},"loc":{"start":{"line":58,"column":44},"end":{"line":66,"column":1}},"line":58},"6":{"name":"(anonymous_6)","decl":{"start":{"line":68,"column":18},"end":{"line":68,"column":19}},"loc":{"start":{"line":68,"column":38},"end":{"line":76,"column":1}},"line":68},"7":{"name":"drawProductsTable","decl":{"start":{"line":81,"column":9},"end":{"line":81,"column":26}},"loc":{"start":{"line":81,"column":63},"end":{"line":119,"column":1}},"line":81},"8":{"name":"(anonymous_8)","decl":{"start":{"line":82,"column":37},"end":{"line":82,"column":38}},"loc":{"start":{"line":82,"column":50},"end":{"line":118,"column":3}},"line":82},"9":{"name":"(anonymous_9)","decl":{"start":{"line":102,"column":25},"end":{"line":102,"column":26}},"loc":{"start":{"line":102,"column":31},"end":{"line":102,"column":89}},"line":102},"10":{"name":"(anonymous_10)","decl":{"start":{"line":103,"column":25},"end":{"line":103,"column":26}},"loc":{"start":{"line":103,"column":31},"end":{"line":103,"column":83}},"line":103}},"branchMap":{"0":{"loc":{"start":{"line":17,"column":2},"end":{"line":19,"column":3}},"type":"if","locations":[{"start":{"line":17,"column":2},"end":{"line":19,"column":3}},{"start":{"line":17,"column":2},"end":{"line":19,"column":3}}],"line":17},"1":{"loc":{"start":{"line":21,"column":2},"end":{"line":23,"column":3}},"type":"if","locations":[{"start":{"line":21,"column":2},"end":{"line":23,"column":3}},{"start":{"line":21,"column":2},"end":{"line":23,"column":3}}],"line":21},"2":{"loc":{"start":{"line":30,"column":2},"end":{"line":32,"column":3}},"type":"if","locations":[{"start":{"line":30,"column":2},"end":{"line":32,"column":3}},{"start":{"line":30,"column":2},"end":{"line":32,"column":3}}],"line":30},"3":{"loc":{"start":{"line":38,"column":2},"end":{"line":55,"column":3}},"type":"if","locations":[{"start":{"line":38,"column":2},"end":{"line":55,"column":3}},{"start":{"line":38,"column":2},"end":{"line":55,"column":3}}],"line":38},"4":{"loc":{"start":{"line":43,"column":4},"end":{"line":54,"column":5}},"type":"if","locations":[{"start":{"line":43,"column":4},"end":{"line":54,"column":5}},{"start":{"line":43,"column":4},"end":{"line":54,"column":5}}],"line":43},"5":{"loc":{"start":{"line":46,"column":8},"end":{"line":52,"column":9}},"type":"if","locations":[{"start":{"line":46,"column":8},"end":{"line":52,"column":9}},{"start":{"line":46,"column":8},"end":{"line":52,"column":9}}],"line":46},"6":{"loc":{"start":{"line":60,"column":17},"end":{"line":60,"column":41}},"type":"cond-expr","locations":[{"start":{"line":60,"column":28},"end":{"line":60,"column":35}},{"start":{"line":60,"column":38},"end":{"line":60,"column":41}}],"line":60},"7":{"loc":{"start":{"line":81,"column":42},"end":{"line":81,"column":61}},"type":"default-arg","locations":[{"start":{"line":81,"column":57},"end":{"line":81,"column":61}}],"line":81},"8":{"loc":{"start":{"line":113,"column":26},"end":{"line":113,"column":80}},"type":"binary-expr","locations":[{"start":{"line":113,"column":26},"end":{"line":113,"column":38}},{"start":{"line":113,"column":42},"end":{"line":113,"column":80}}],"line":113},"9":{"loc":{"start":{"line":114,"column":4},"end":{"line":116,"column":5}},"type":"if","locations":[{"start":{"line":114,"column":4},"end":{"line":116,"column":5}},{"start":{"line":114,"column":4},"end":{"line":116,"column":5}}],"line":114}},"s":{"0":1,"1":1,"2":3,"3":3,"4":3,"5":0,"6":3,"7":1,"8":37,"9":37,"10":37,"11":34,"12":37,"13":21,"14":37,"15":3,"16":3,"17":3,"18":3,"19":3,"20":3,"21":3,"22":3,"23":3,"24":0,"25":0,"26":0,"27":0,"28":0,"29":0,"30":0,"31":0,"32":0,"33":0,"34":0,"35":0,"36":0,"37":1,"38":0,"39":0,"40":0,"41":0,"42":0,"43":0,"44":0,"45":1,"46":0,"47":0,"48":0,"49":0,"50":0,"51":0,"52":0,"53":1,"54":3,"55":3,"56":3,"57":3,"58":3,"59":3,"60":3,"61":3,"62":3,"63":3,"64":3,"65":3,"66":3,"67":3,"68":3,"69":0,"70":3,"71":0,"72":3,"73":3,"74":3,"75":3,"76":3,"77":3,"78":3,"79":3,"80":3,"81":3,"82":3,"83":3,"84":3,"85":1,"86":1},"f":{"0":3,"1":37,"2":3,"3":0,"4":0,"5":0,"6":0,"7":1,"8":3,"9":0,"10":0},"b":{"0":[34,3],"1":[21,16],"2":[3,0],"3":[0,3],"4":[0,0],"5":[0,0],"6":[0,0],"7":[0],"8":[3,0],"9":[3,0]},"_coverageSchema":"1a1c01bbd47fc00a2c39e90264f33305004495a9","hash":"dcf1b6e0f8d62ddbe7d536dedd41bc75d8951aae"}
,"C:\\dev\\xcelirate\\js\\products.js": {"path":"C:\\dev\\xcelirate\\js\\products.js","statementMap":{"0":{"start":{"line":1,"column":17},"end":{"line":11,"column":1}},"1":{"start":{"line":13,"column":13},"end":{"line":16,"column":1}},"2":{"start":{"line":18,"column":19},"end":{"line":31,"column":1}},"3":{"start":{"line":33,"column":0},"end":{"line":33,"column":28}},"4":{"start":{"line":34,"column":0},"end":{"line":34,"column":20}},"5":{"start":{"line":35,"column":0},"end":{"line":35,"column":32}}},"fnMap":{},"branchMap":{},"s":{"0":2,"1":2,"2":2,"3":2,"4":2,"5":2},"f":{},"b":{},"_coverageSchema":"1a1c01bbd47fc00a2c39e90264f33305004495a9","hash":"0a2c8122b5de464f9db96523aa1909acf033e522"}
,"C:\\dev\\xcelirate\\js\\shopping-cart.js": {"path":"C:\\dev\\xcelirate\\js\\shopping-cart.js","statementMap":{"0":{"start":{"line":1,"column":20},"end":{"line":1,"column":38}},"1":{"start":{"line":2,"column":23},"end":{"line":2,"column":44}},"2":{"start":{"line":5,"column":16},"end":{"line":5,"column":94}},"3":{"start":{"line":5,"column":62},"end":{"line":5,"column":93}},"4":{"start":{"line":6,"column":14},"end":{"line":6,"column":15}},"5":{"start":{"line":7,"column":2},"end":{"line":26,"column":3}},"6":{"start":{"line":9,"column":6},"end":{"line":15,"column":7}},"7":{"start":{"line":10,"column":8},"end":{"line":10,"column":52}},"8":{"start":{"line":12,"column":8},"end":{"line":14,"column":46}},"9":{"start":{"line":16,"column":6},"end":{"line":16,"column":12}},"10":{"start":{"line":18,"column":6},"end":{"line":22,"column":7}},"11":{"start":{"line":19,"column":8},"end":{"line":19,"column":50}},"12":{"start":{"line":21,"column":8},"end":{"line":21,"column":36}},"13":{"start":{"line":23,"column":6},"end":{"line":23,"column":12}},"14":{"start":{"line":25,"column":6},"end":{"line":25,"column":34}},"15":{"start":{"line":27,"column":2},"end":{"line":27,"column":15}},"16":{"start":{"line":31,"column":23},"end":{"line":33,"column":3}},"17":{"start":{"line":32,"column":14},"end":{"line":32,"column":44}},"18":{"start":{"line":34,"column":29},"end":{"line":36,"column":3}},"19":{"start":{"line":35,"column":17},"end":{"line":35,"column":42}},"20":{"start":{"line":38,"column":2},"end":{"line":48,"column":3}},"21":{"start":{"line":39,"column":17},"end":{"line":43,"column":5}},"22":{"start":{"line":44,"column":32},"end":{"line":44,"column":55}},"23":{"start":{"line":45,"column":4},"end":{"line":45,"column":63}},"24":{"start":{"line":47,"column":4},"end":{"line":47,"column":56}},"25":{"start":{"line":52,"column":30},"end":{"line":54,"column":3}},"26":{"start":{"line":53,"column":21},"end":{"line":53,"column":45}},"27":{"start":{"line":55,"column":23},"end":{"line":55,"column":93}},"28":{"start":{"line":55,"column":68},"end":{"line":55,"column":92}},"29":{"start":{"line":57,"column":2},"end":{"line":73,"column":3}},"30":{"start":{"line":58,"column":4},"end":{"line":61,"column":6}},"31":{"start":{"line":63,"column":26},"end":{"line":65,"column":5}},"32":{"start":{"line":64,"column":16},"end":{"line":64,"column":45}},"33":{"start":{"line":66,"column":17},"end":{"line":70,"column":5}},"34":{"start":{"line":71,"column":4},"end":{"line":71,"column":49}},"35":{"start":{"line":72,"column":4},"end":{"line":72,"column":59}},"36":{"start":{"line":77,"column":18},"end":{"line":77,"column":19}},"37":{"start":{"line":78,"column":2},"end":{"line":80,"column":3}},"38":{"start":{"line":78,"column":15},"end":{"line":78,"column":16}},"39":{"start":{"line":79,"column":4},"end":{"line":79,"column":63}},"40":{"start":{"line":81,"column":2},"end":{"line":81,"column":19}},"41":{"start":{"line":85,"column":18},"end":{"line":85,"column":19}},"42":{"start":{"line":86,"column":2},"end":{"line":89,"column":3}},"43":{"start":{"line":86,"column":15},"end":{"line":86,"column":16}},"44":{"start":{"line":87,"column":4},"end":{"line":88,"column":52}},"45":{"start":{"line":90,"column":2},"end":{"line":90,"column":19}},"46":{"start":{"line":93,"column":0},"end":{"line":93,"column":48}},"47":{"start":{"line":94,"column":0},"end":{"line":94,"column":56}},"48":{"start":{"line":95,"column":0},"end":{"line":95,"column":46}},"49":{"start":{"line":96,"column":0},"end":{"line":96,"column":40}},"50":{"start":{"line":97,"column":0},"end":{"line":97,"column":54}}},"fnMap":{"0":{"name":"getPriceOrDiscount","decl":{"start":{"line":4,"column":9},"end":{"line":4,"column":27}},"loc":{"start":{"line":4,"column":46},"end":{"line":28,"column":1}},"line":4},"1":{"name":"(anonymous_1)","decl":{"start":{"line":5,"column":47},"end":{"line":5,"column":48}},"loc":{"start":{"line":5,"column":62},"end":{"line":5,"column":93}},"line":5},"2":{"name":"removeFromShoppingCart","decl":{"start":{"line":30,"column":9},"end":{"line":30,"column":31}},"loc":{"start":{"line":30,"column":48},"end":{"line":49,"column":1}},"line":30},"3":{"name":"(anonymous_3)","decl":{"start":{"line":32,"column":4},"end":{"line":32,"column":5}},"loc":{"start":{"line":32,"column":14},"end":{"line":32,"column":44}},"line":32},"4":{"name":"(anonymous_4)","decl":{"start":{"line":35,"column":4},"end":{"line":35,"column":5}},"loc":{"start":{"line":35,"column":17},"end":{"line":35,"column":42}},"line":35},"5":{"name":"addToShoppingCart","decl":{"start":{"line":51,"column":9},"end":{"line":51,"column":26}},"loc":{"start":{"line":51,"column":43},"end":{"line":74,"column":1}},"line":51},"6":{"name":"(anonymous_6)","decl":{"start":{"line":53,"column":4},"end":{"line":53,"column":5}},"loc":{"start":{"line":53,"column":21},"end":{"line":53,"column":45}},"line":53},"7":{"name":"(anonymous_7)","decl":{"start":{"line":55,"column":55},"end":{"line":55,"column":56}},"loc":{"start":{"line":55,"column":68},"end":{"line":55,"column":92}},"line":55},"8":{"name":"(anonymous_8)","decl":{"start":{"line":64,"column":6},"end":{"line":64,"column":7}},"loc":{"start":{"line":64,"column":16},"end":{"line":64,"column":45}},"line":64},"9":{"name":"getOverallCost","decl":{"start":{"line":76,"column":9},"end":{"line":76,"column":23}},"loc":{"start":{"line":76,"column":26},"end":{"line":82,"column":1}},"line":76},"10":{"name":"getCostWithNoDiscount","decl":{"start":{"line":84,"column":9},"end":{"line":84,"column":30}},"loc":{"start":{"line":84,"column":33},"end":{"line":91,"column":1}},"line":84}},"branchMap":{"0":{"loc":{"start":{"line":4,"column":37},"end":{"line":4,"column":44}},"type":"default-arg","locations":[{"start":{"line":4,"column":43},"end":{"line":4,"column":44}}],"line":4},"1":{"loc":{"start":{"line":7,"column":2},"end":{"line":26,"column":3}},"type":"switch","locations":[{"start":{"line":8,"column":4},"end":{"line":16,"column":12}},{"start":{"line":17,"column":4},"end":{"line":23,"column":12}},{"start":{"line":24,"column":4},"end":{"line":25,"column":34}}],"line":7},"2":{"loc":{"start":{"line":9,"column":6},"end":{"line":15,"column":7}},"type":"if","locations":[{"start":{"line":9,"column":6},"end":{"line":15,"column":7}},{"start":{"line":9,"column":6},"end":{"line":15,"column":7}}],"line":9},"3":{"loc":{"start":{"line":12,"column":16},"end":{"line":14,"column":45}},"type":"cond-expr","locations":[{"start":{"line":13,"column":13},"end":{"line":13,"column":32}},{"start":{"line":14,"column":13},"end":{"line":14,"column":44}}],"line":12},"4":{"loc":{"start":{"line":18,"column":6},"end":{"line":22,"column":7}},"type":"if","locations":[{"start":{"line":18,"column":6},"end":{"line":22,"column":7}},{"start":{"line":18,"column":6},"end":{"line":22,"column":7}}],"line":18},"5":{"loc":{"start":{"line":38,"column":2},"end":{"line":48,"column":3}},"type":"if","locations":[{"start":{"line":38,"column":2},"end":{"line":48,"column":3}},{"start":{"line":38,"column":2},"end":{"line":48,"column":3}}],"line":38},"6":{"loc":{"start":{"line":57,"column":2},"end":{"line":73,"column":3}},"type":"if","locations":[{"start":{"line":57,"column":2},"end":{"line":73,"column":3}},{"start":{"line":57,"column":2},"end":{"line":73,"column":3}}],"line":57}},"s":{"0":2,"1":2,"2":8,"3":12,"4":8,"5":8,"6":4,"7":1,"8":3,"9":4,"10":4,"11":1,"12":3,"13":4,"14":0,"15":8,"16":1,"17":2,"18":1,"19":2,"20":1,"21":1,"22":1,"23":1,"24":0,"25":1,"26":2,"27":1,"28":1,"29":1,"30":0,"31":1,"32":2,"33":1,"34":1,"35":1,"36":4,"37":4,"38":4,"39":2,"40":4,"41":4,"42":4,"43":4,"44":2,"45":4,"46":2,"47":2,"48":2,"49":2,"50":2},"f":{"0":8,"1":12,"2":1,"3":2,"4":2,"5":1,"6":2,"7":1,"8":2,"9":4,"10":4},"b":{"0":[0],"1":[4,4,0],"2":[1,3],"3":[1,2],"4":[1,3],"5":[1,0],"6":[0,1]},"_coverageSchema":"1a1c01bbd47fc00a2c39e90264f33305004495a9","hash":"b5fcd802db6b995922d11d9ef6c87b3c82819f6b"}
,"C:\\dev\\xcelirate\\js\\store.js": {"path":"C:\\dev\\xcelirate\\js\\store.js","statementMap":{"0":{"start":{"line":1,"column":25},"end":{"line":1,"column":46}},"1":{"start":{"line":4,"column":2},"end":{"line":4,"column":35}},"2":{"start":{"line":7,"column":2},"end":{"line":7,"column":37}},"3":{"start":{"line":10,"column":2},"end":{"line":10,"column":31}},"4":{"start":{"line":13,"column":14},"end":{"line":19,"column":1}},"5":{"start":{"line":21,"column":0},"end":{"line":21,"column":22}}},"fnMap":{"0":{"name":"getProducts","decl":{"start":{"line":3,"column":9},"end":{"line":3,"column":20}},"loc":{"start":{"line":3,"column":23},"end":{"line":5,"column":1}},"line":3},"1":{"name":"getPromotions","decl":{"start":{"line":6,"column":9},"end":{"line":6,"column":22}},"loc":{"start":{"line":6,"column":25},"end":{"line":8,"column":1}},"line":6},"2":{"name":"getCart","decl":{"start":{"line":9,"column":9},"end":{"line":9,"column":16}},"loc":{"start":{"line":9,"column":19},"end":{"line":11,"column":1}},"line":9}},"branchMap":{},"s":{"0":2,"1":2,"2":2,"3":2,"4":2,"5":2},"f":{"0":2,"1":2,"2":2},"b":{},"_coverageSchema":"1a1c01bbd47fc00a2c39e90264f33305004495a9","hash":"faf1c8218ba4d5cb05e0593287c07a71c7ed0c3f"}
}
