TN:
SF:js\cart.js
FN:5,countTotalItems
FN:13,(anonymous_1)
FN:28,updateShoppingCartView
FN:44,(anonymous_3)
FN:47,(anonymous_4)
FN:58,(anonymous_5)
FN:68,(anonymous_6)
FN:81,drawProductsTable
FN:82,(anonymous_8)
FN:102,(anonymous_9)
FN:103,(anonymous_10)
FNF:11
FNH:5
FNDA:3,countTotalItems
FNDA:37,(anonymous_1)
FNDA:3,updateShoppingCartView
FNDA:0,(anonymous_3)
FNDA:0,(anonymous_4)
FNDA:0,(anonymous_5)
FNDA:0,(anonymous_6)
FNDA:1,drawProductsTable
FNDA:3,(anonymous_8)
FNDA:0,(anonymous_9)
FNDA:0,(anonymous_10)
DA:1,1
DA:2,1
DA:6,3
DA:7,3
DA:8,0
DA:10,3
DA:13,1
DA:14,37
DA:15,37
DA:17,37
DA:18,34
DA:21,37
DA:22,21
DA:25,37
DA:29,3
DA:30,3
DA:31,3
DA:33,3
DA:34,3
DA:35,3
DA:36,3
DA:37,3
DA:38,3
DA:39,0
DA:40,0
DA:42,0
DA:43,0
DA:44,0
DA:45,0
DA:46,0
DA:47,0
DA:48,0
DA:49,0
DA:50,0
DA:51,0
DA:58,1
DA:59,0
DA:60,0
DA:61,0
DA:62,0
DA:63,0
DA:64,0
DA:65,0
DA:68,1
DA:69,0
DA:70,0
DA:71,0
DA:72,0
DA:73,0
DA:74,0
DA:75,0
DA:82,1
DA:83,3
DA:84,3
DA:85,3
DA:86,3
DA:87,3
DA:89,3
DA:90,3
DA:92,3
DA:93,3
DA:94,3
DA:95,3
DA:97,3
DA:98,3
DA:100,3
DA:102,3
DA:103,3
DA:104,3
DA:105,3
DA:106,3
DA:107,3
DA:108,3
DA:109,3
DA:110,3
DA:111,3
DA:112,3
DA:113,3
DA:114,3
DA:115,3
DA:117,3
DA:121,1
DA:122,1
LF:83
LH:56
BRDA:17,0,0,34
BRDA:17,0,1,3
BRDA:21,1,0,21
BRDA:21,1,1,16
BRDA:30,2,0,3
BRDA:30,2,1,0
BRDA:38,3,0,0
BRDA:38,3,1,3
BRDA:43,4,0,0
BRDA:43,4,1,0
BRDA:46,5,0,0
BRDA:46,5,1,0
BRDA:60,6,0,0
BRDA:60,6,1,0
BRDA:81,7,0,0
BRDA:113,8,0,3
BRDA:113,8,1,0
BRDA:114,9,0,3
BRDA:114,9,1,0
BRF:19
BRH:8
end_of_record
TN:
SF:js\products.js
FNF:0
FNH:0
DA:1,2
DA:13,2
DA:18,2
DA:33,2
DA:34,2
DA:35,2
LF:6
LH:6
BRF:0
BRH:0
end_of_record
TN:
SF:js\shopping-cart.js
FN:4,getPriceOrDiscount
FN:5,(anonymous_1)
FN:30,removeFromShoppingCart
FN:32,(anonymous_3)
FN:35,(anonymous_4)
FN:51,addToShoppingCart
FN:53,(anonymous_6)
FN:55,(anonymous_7)
FN:64,(anonymous_8)
FN:76,getOverallCost
FN:84,getCostWithNoDiscount
FNF:11
FNH:11
FNDA:8,getPriceOrDiscount
FNDA:12,(anonymous_1)
FNDA:1,removeFromShoppingCart
FNDA:2,(anonymous_3)
FNDA:2,(anonymous_4)
FNDA:1,addToShoppingCart
FNDA:2,(anonymous_6)
FNDA:1,(anonymous_7)
FNDA:2,(anonymous_8)
FNDA:4,getOverallCost
FNDA:4,getCostWithNoDiscount
DA:1,2
DA:2,2
DA:5,12
DA:6,8
DA:7,8
DA:9,4
DA:10,1
DA:12,3
DA:16,4
DA:18,4
DA:19,1
DA:21,3
DA:23,4
DA:25,0
DA:27,8
DA:31,1
DA:32,2
DA:34,1
DA:35,2
DA:38,1
DA:39,1
DA:44,1
DA:45,1
DA:47,0
DA:52,1
DA:53,2
DA:55,1
DA:57,1
DA:58,0
DA:63,1
DA:64,2
DA:66,1
DA:71,1
DA:72,1
DA:77,4
DA:78,4
DA:79,2
DA:81,4
DA:85,4
DA:86,4
DA:87,2
DA:90,4
DA:93,2
DA:94,2
DA:95,2
DA:96,2
DA:97,2
LF:47
LH:44
BRDA:4,0,0,0
BRDA:7,1,0,4
BRDA:7,1,1,4
BRDA:7,1,2,0
BRDA:9,2,0,1
BRDA:9,2,1,3
BRDA:12,3,0,1
BRDA:12,3,1,2
BRDA:18,4,0,1
BRDA:18,4,1,3
BRDA:38,5,0,1
BRDA:38,5,1,0
BRDA:57,6,0,0
BRDA:57,6,1,1
BRF:14
BRH:10
end_of_record
TN:
SF:js\store.js
FN:3,getProducts
FN:6,getPromotions
FN:9,getCart
FNF:3
FNH:3
FNDA:2,getProducts
FNDA:2,getPromotions
FNDA:2,getCart
DA:1,2
DA:4,2
DA:7,2
DA:10,2
DA:13,2
DA:21,2
LF:6
LH:6
BRF:0
BRH:0
end_of_record
