TN:
SF:js\cart.js
FN:5,countTotalItems
FN:13,(anonymous_1)
FN:28,updateShoppingCartView
FN:40,(anonymous_3)
FN:43,(anonymous_4)
FN:53,(anonymous_5)
FN:63,(anonymous_6)
FN:76,drawProductsTable
FN:77,(anonymous_8)
FN:96,(anonymous_9)
FN:97,(anonymous_10)
FNF:11
FNH:1
FNDA:0,countTotalItems
FNDA:1,(anonymous_1)
FNDA:0,updateShoppingCartView
FNDA:0,(anonymous_3)
FNDA:0,(anonymous_4)
FNDA:0,(anonymous_5)
FNDA:0,(anonymous_6)
FNDA:0,drawProductsTable
FNDA:0,(anonymous_8)
FNDA:0,(anonymous_9)
FNDA:0,(anonymous_10)
DA:1,1
DA:2,1
DA:6,0
DA:7,0
DA:8,0
DA:10,0
DA:13,1
DA:14,1
DA:15,1
DA:17,1
DA:18,1
DA:21,1
DA:22,0
DA:25,1
DA:29,0
DA:30,0
DA:31,0
DA:32,0
DA:33,0
DA:34,0
DA:35,0
DA:36,0
DA:38,0
DA:39,0
DA:40,0
DA:41,0
DA:42,0
DA:43,0
DA:44,0
DA:45,0
DA:46,0
DA:47,0
DA:53,1
DA:54,0
DA:55,0
DA:56,0
DA:57,0
DA:58,0
DA:59,0
DA:60,0
DA:63,1
DA:64,0
DA:65,0
DA:66,0
DA:67,0
DA:68,0
DA:69,0
DA:70,0
DA:77,0
DA:78,0
DA:79,0
DA:80,0
DA:81,0
DA:82,0
DA:83,0
DA:84,0
DA:86,0
DA:87,0
DA:88,0
DA:89,0
DA:91,0
DA:92,0
DA:94,0
DA:96,0
DA:97,0
DA:98,0
DA:99,0
DA:100,0
DA:101,0
DA:102,0
DA:103,0
DA:104,0
DA:105,0
DA:106,0
DA:107,0
DA:108,0
DA:109,0
DA:113,1
DA:114,1
LF:79
LH:13
BRDA:17,0,0,1
BRDA:17,0,1,0
BRDA:21,1,0,0
BRDA:21,1,1,1
BRDA:39,2,0,0
BRDA:39,2,1,0
BRDA:42,3,0,0
BRDA:42,3,1,0
BRDA:55,4,0,0
BRDA:55,4,1,0
BRF:10
BRH:2
end_of_record
TN:
SF:js\products.js
FNF:0
FNH:0
DA:1,1
DA:13,1
DA:18,1
DA:33,1
DA:34,1
DA:35,1
LF:6
LH:6
BRF:0
BRH:0
end_of_record
TN:
SF:js\shopping-cart.js
FN:4,getPriceOrDiscount
FN:5,(anonymous_1)
FN:30,removeFromShoppingCart
FN:32,(anonymous_3)
FN:34,(anonymous_4)
FN:49,addToShoppingCart
FN:51,(anonymous_6)
FN:53,(anonymous_7)
FN:62,(anonymous_8)
FN:74,getOverallCost
FN:82,getCostWithNoDiscount
FNF:11
FNH:0
FNDA:0,getPriceOrDiscount
FNDA:0,(anonymous_1)
FNDA:0,removeFromShoppingCart
FNDA:0,(anonymous_3)
FNDA:0,(anonymous_4)
FNDA:0,addToShoppingCart
FNDA:0,(anonymous_6)
FNDA:0,(anonymous_7)
FNDA:0,(anonymous_8)
FNDA:0,getOverallCost
FNDA:0,getCostWithNoDiscount
DA:1,1
DA:2,1
DA:5,0
DA:6,0
DA:7,0
DA:9,0
DA:10,0
DA:12,0
DA:16,0
DA:18,0
DA:19,0
DA:21,0
DA:23,0
DA:25,0
DA:27,0
DA:31,0
DA:32,0
DA:34,0
DA:36,0
DA:37,0
DA:42,0
DA:43,0
DA:45,0
DA:50,0
DA:51,0
DA:53,0
DA:55,0
DA:56,0
DA:61,0
DA:62,0
DA:64,0
DA:69,0
DA:70,0
DA:75,0
DA:76,0
DA:77,0
DA:79,0
DA:83,0
DA:84,0
DA:85,0
DA:88,0
DA:91,1
DA:92,1
DA:93,1
DA:94,1
DA:95,1
LF:46
LH:7
BRDA:4,0,0,0
BRDA:7,1,0,0
BRDA:7,1,1,0
BRDA:7,1,2,0
BRDA:9,2,0,0
BRDA:9,2,1,0
BRDA:12,3,0,0
BRDA:12,3,1,0
BRDA:18,4,0,0
BRDA:18,4,1,0
BRDA:36,5,0,0
BRDA:36,5,1,0
BRDA:55,6,0,0
BRDA:55,6,1,0
BRF:14
BRH:0
end_of_record
TN:
SF:js\store.js
FN:3,getProducts
FN:6,getPromotions
FN:9,getCart
FNF:3
FNH:3
FNDA:1,getProducts
FNDA:1,getPromotions
FNDA:1,getCart
DA:1,1
DA:4,1
DA:7,1
DA:10,1
DA:13,1
DA:21,1
LF:6
LH:6
BRF:0
BRH:0
end_of_record
